0 info it worked if it ends with ok
1 verbose cli [ 'C:\\Program Files (x86)\\nodejs\\node.exe',
1 verbose cli   'C:\\Program Files (x86)\\nodejs\\node_modules\\npm\\bin\\npm-cli.js',
1 verbose cli   'start' ]
2 info using npm@3.10.8
3 info using node@v6.9.1
4 verbose run-script [ 'prestart', 'start', 'poststart' ]
5 info lifecycle upload_image@0.0.1~prestart: upload_image@0.0.1
6 silly lifecycle upload_image@0.0.1~prestart: no script for prestart, continuing
7 info lifecycle upload_image@0.0.1~start: upload_image@0.0.1
8 verbose lifecycle upload_image@0.0.1~start: unsafe-perm in lifecycle true
9 verbose lifecycle upload_image@0.0.1~start: PATH: C:\Program Files (x86)\nodejs\node_modules\npm\bin\node-gyp-bin;C:\Users\Diana Saker\Documents\Aptana Studio 3 Workspace\My Artwork\node_modules\.bin;C:\Users\Diana Saker\bin;C:\Program Files\Git\mingw64\bin;C:\Program Files\Git\usr\local\bin;C:\Program Files\Git\usr\bin;C:\Program Files\Git\usr\bin;C:\Program Files\Git\mingw64\bin;C:\Program Files\Git\usr\bin;C:\Users\Diana Saker\bin;C:\Program Files (x86)\Java\jre7\bin\client;C:\Program Files (x86)\Java\jre7\bin;C:\Program Files (x86)\Java\jre7\lib\i386;C:\Program Files (x86)\Intel\iCLS Client;C:\Program Files\Intel\iCLS Client;C:\WINDOWS\system32;C:\WINDOWS;C:\WINDOWS\System32\Wbem;C:\WINDOWS\System32\WindowsPowerShell\v1.0;C:\Program Files (x86)\Intel\Intel(R) Management Engine Components\DAL;C:\Program Files\Intel\Intel(R) Management Engine Components\DAL;C:\Program Files (x86)\Intel\Intel(R) Management Engine Components\IPT;C:\Program Files\Intel\Intel(R) Management Engine Components\IPT;C:\Program Files (x86)\Skype\Phone;C:\Program Files\Git\cmd;C:\Program Files (x86)\nodejs;C:\Program Files (x86)\Java\jre7\bin;C:\Users\Diana Saker\AppData\Local\Microsoft\WindowsApps;C:\Users\Diana Saker\AppData\Roaming\npm;C:\Users\Diana Saker\AppData\Roaming\Appcelerator\Aptana Studio;C:\Program Files\Git\usr\bin\vendor_perl;C:\Program Files\Git\usr\bin\core_perl
10 verbose lifecycle upload_image@0.0.1~start: CWD: C:\Users\Diana Saker\Documents\Aptana Studio 3 Workspace\My Artwork
11 silly lifecycle upload_image@0.0.1~start: Args: [ '/d /s /c', 'node server.js' ]
12 silly lifecycle upload_image@0.0.1~start: Returned: code: 1  signal: null
13 info lifecycle upload_image@0.0.1~start: Failed to exec start script
14 verbose stack Error: upload_image@0.0.1 start: `node server.js`
14 verbose stack Exit status 1
14 verbose stack     at EventEmitter.<anonymous> (C:\Program Files (x86)\nodejs\node_modules\npm\lib\utils\lifecycle.js:255:16)
14 verbose stack     at emitTwo (events.js:106:13)
14 verbose stack     at EventEmitter.emit (events.js:191:7)
14 verbose stack     at ChildProcess.<anonymous> (C:\Program Files (x86)\nodejs\node_modules\npm\lib\utils\spawn.js:40:14)
14 verbose stack     at emitTwo (events.js:106:13)
14 verbose stack     at ChildProcess.emit (events.js:191:7)
14 verbose stack     at maybeClose (internal/child_process.js:877:16)
14 verbose stack     at Process.ChildProcess._handle.onexit (internal/child_process.js:226:5)
15 verbose pkgid upload_image@0.0.1
16 verbose cwd C:\Users\Diana Saker\Documents\Aptana Studio 3 Workspace\My Artwork\app\views
17 error Windows_NT 10.0.14393
18 error argv "C:\\Program Files (x86)\\nodejs\\node.exe" "C:\\Program Files (x86)\\nodejs\\node_modules\\npm\\bin\\npm-cli.js" "start"
19 error node v6.9.1
20 error npm  v3.10.8
21 error code ELIFECYCLE
22 error upload_image@0.0.1 start: `node server.js`
22 error Exit status 1
23 error Failed at the upload_image@0.0.1 start script 'node server.js'.
23 error Make sure you have the latest version of node.js and npm installed.
23 error If you do, this is most likely a problem with the upload_image package,
23 error not with npm itself.
23 error Tell the author that this fails on your system:
23 error     node server.js
23 error You can get information on how to open an issue for this project with:
23 error     npm bugs upload_image
23 error Or if that isn't available, you can get their info via:
23 error     npm owner ls upload_image
23 error There is likely additional logging output above.
24 verbose exit [ 1, true ]
